<?xml version="1.0" encoding="UTF-8"?>
<!-- Generated by org.testng.reporters.JUnitXMLReporter -->
<testsuite ignored="4" hostname="DESKTOP-FQIHLPS" failures="0" tests="2" name="Test(failed)" time="0.089" errors="0" timestamp="2023-09-24T23:48:26 IST">
  <testcase classname="TestNG.ProjectModule" name="modifyProject" time="0.019"/>
  <testcase classname="TestNG.CustomerModule" name="modifyCustomer" time="0.003"/>
  <testcase classname="TestNG.CustomerModule" name="createCustomer" time="0.0">
    <ignored/>
  </testcase> <!-- createCustomer -->
  <testcase classname="TestNG.ProjectModule" name="createproject" time="0.0">
    <ignored/>
  </testcase> <!-- createproject -->
  <testcase classname="TestNG.CustomerModule" name="deleteCustomer" time="0.0">
    <ignored/>
  </testcase> <!-- deleteCustomer -->
  <testcase classname="TestNG.ProjectModule" name="deleteProject" time="0.0">
    <ignored/>
  </testcase> <!-- deleteProject -->
</testsuite> <!-- Test(failed) -->
