<?xml version="1.0" encoding="UTF-8"?>
<!-- Generated by org.testng.reporters.JUnitXMLReporter -->
<testsuite ignored="0" hostname="DESKTOP-FQIHLPS" failures="2" tests="9" name="Test" time="0.135" errors="0" timestamp="2023-09-24T23:44:18 IST">
  <testcase classname="TestNG.ProjectModule" name="creatproject" time="0.015"/>
  <testcase classname="TestNG.ProjectModule" name="deleteProject" time="0.001"/>
  <testcase classname="TestNG.ProjectModule" name="modifyProject" time="0.008">
    <failure type="java.lang.AssertionError" message="null">
      <![CDATA[java.lang.AssertionError: null
at TestNG.ProjectModule.modifyProject(ProjectModule.java:16)
at java.base/java.util.ArrayList.forEach(ArrayList.java:1511)
... Removed 27 stack frames]]>
    </failure>
  </testcase> <!-- modifyProject -->
  <testcase classname="TestNG.CustomerModule" name="creatCustomer" time="0.003"/>
  <testcase classname="TestNG.CustomerModule" name="deleteCustomer" time="0.002"/>
  <testcase classname="TestNG.CustomerModule" name="modifyCustomer" time="0.002">
    <failure type="java.lang.AssertionError" message="null">
      <![CDATA[java.lang.AssertionError: null
at TestNG.CustomerModule.modifyCustomer(CustomerModule.java:16)
at java.base/java.util.ArrayList.forEach(ArrayList.java:1511)
... Removed 27 stack frames]]>
    </failure>
  </testcase> <!-- modifyCustomer -->
  <testcase classname="TestNG.TaskModule" name="creatTask" time="0.001"/>
  <testcase classname="TestNG.TaskModule" name="deleteTask" time="0.002"/>
  <testcase classname="TestNG.TaskModule" name="modifyTask" time="0.002"/>
</testsuite> <!-- Test -->
