<?xml version="1.0" encoding="UTF-8"?>
<!-- Generated by org.testng.reporters.JUnitXMLReporter -->
<testsuite ignored="0" hostname="DESKTOP-FQIHLPS" failures="0" tests="3" name="Default test" time="0.145" errors="0" timestamp="2023-09-24T23:36:43 IST">
  <testcase classname="TestNG.TaskModule" name="creatTask" time="0.022"/>
  <testcase classname="TestNG.TaskModule" name="deleteTask" time="0.003"/>
  <testcase classname="TestNG.TaskModule" name="modifyTask" time="0.002"/>
</testsuite> <!-- Default test -->
