<?xml version="1.0" encoding="UTF-8"?>
<testng-results ignored="0" total="2" passed="2" failed="0" skipped="0">
  <reporter-output>
    <line>
      <![CDATA[modifyProject]]>
    </line>
    <line>
      <![CDATA[modifyCustomer]]>
    </line>
  </reporter-output>
  <suite started-at="2023-09-24T23:48:26 IST" name="Failed suite [Suite]" finished-at="2023-09-24T23:48:26 IST" duration-ms="89">
    <groups>
    </groups>
    <test started-at="2023-09-24T23:48:26 IST" name="Test(failed)" finished-at="2023-09-24T23:48:26 IST" duration-ms="89">
      <class name="TestNG.ProjectModule">
        <test-method signature="modifyProject()[pri:0, instance:TestNG.ProjectModule@74ea2410]" started-at="2023-09-24T23:48:26 IST" name="modifyProject" finished-at="2023-09-24T23:48:26 IST" duration-ms="19" status="PASS">
          <reporter-output>
            <line>
              <![CDATA[modifyProject]]>
            </line>
          </reporter-output>
        </test-method> <!-- modifyProject -->
      </class> <!-- TestNG.ProjectModule -->
      <class name="TestNG.CustomerModule">
        <test-method signature="modifyCustomer()[pri:0, instance:TestNG.CustomerModule@5149d738]" started-at="2023-09-24T23:48:26 IST" name="modifyCustomer" finished-at="2023-09-24T23:48:26 IST" duration-ms="3" status="PASS">
          <reporter-output>
            <line>
              <![CDATA[modifyCustomer]]>
            </line>
          </reporter-output>
        </test-method> <!-- modifyCustomer -->
      </class> <!-- TestNG.CustomerModule -->
    </test> <!-- Test(failed) -->
  </suite> <!-- Failed suite [Suite] -->
</testng-results>
